c:\users\쭈쭈\source\repos\nyut\debug\nyut.pch
c:\users\쭈쭈\source\repos\nyut\debug\vc142.pdb
c:\users\쭈쭈\source\repos\nyut\debug\vc142.idb
c:\users\쭈쭈\source\repos\nyut\debug\pch.obj
c:\users\쭈쭈\source\repos\nyut\debug\player.obj
c:\users\쭈쭈\source\repos\nyut\debug\nyutview.obj
c:\users\쭈쭈\source\repos\nyut\debug\nyutdoc.obj
c:\users\쭈쭈\source\repos\nyut\debug\nyut.obj
c:\users\쭈쭈\source\repos\nyut\debug\node.obj
c:\users\쭈쭈\source\repos\nyut\debug\mal.obj
c:\users\쭈쭈\source\repos\nyut\debug\mainfrm.obj
c:\users\쭈쭈\source\repos\nyut\debug\game.obj
c:\users\쭈쭈\source\repos\nyut\debug\nyut.exe
c:\users\쭈쭈\source\repos\nyut\debug\nyut.ilk
c:\windows\pcdrm\dump\20191208_nfd01.log
c:\users\쭈쭈\source\repos\nyut\debug\nyut.pdb
c:\users\쭈쭈\source\repos\nyut\debug\nyut.res
c:\users\쭈쭈\source\repos\nyut\debug\nyut.tlog\cl.command.1.tlog
c:\users\쭈쭈\source\repos\nyut\debug\nyut.tlog\cl.read.1.tlog
c:\users\쭈쭈\source\repos\nyut\debug\nyut.tlog\cl.write.1.tlog
c:\users\쭈쭈\source\repos\nyut\debug\nyut.tlog\link.command.1.tlog
c:\users\쭈쭈\source\repos\nyut\debug\nyut.tlog\link.read.1.tlog
c:\users\쭈쭈\source\repos\nyut\debug\nyut.tlog\link.write.1.tlog
c:\users\쭈쭈\source\repos\nyut\debug\nyut.tlog\rc.command.1.tlog
c:\users\쭈쭈\source\repos\nyut\debug\nyut.tlog\rc.read.1.tlog
c:\users\쭈쭈\source\repos\nyut\debug\nyut.tlog\rc.write.1.tlog
